[debug] [2025-03-22T23:23:22.410Z] ----------------------------------------------------------------------
[debug] [2025-03-22T23:23:22.415Z] Command:       C:\Program Files\nodejs\node.exe C:\Users\Користувач\AppData\Roaming\npm\node_modules\firebase-tools\lib\bin\firebase.js init
[debug] [2025-03-22T23:23:22.415Z] CLI Version:   13.35.1
[debug] [2025-03-22T23:23:22.416Z] Platform:      win32
[debug] [2025-03-22T23:23:22.416Z] Node Version:  v22.14.0
[debug] [2025-03-22T23:23:22.416Z] Time:          Sun Mar 23 2025 01:23:22 GMT+0200 (за східноєвропейським стандартним часом)
[debug] [2025-03-22T23:23:22.416Z] ----------------------------------------------------------------------
[debug] 
[debug] [2025-03-22T23:23:22.427Z] > command requires scopes: ["email","openid","https://www.googleapis.com/auth/cloudplatformprojects.readonly","https://www.googleapis.com/auth/firebase","https://www.googleapis.com/auth/cloud-platform"]
[debug] [2025-03-22T23:23:22.427Z] > authorizing via signed-in user (romandaciv59@gmail.com)
[info] 
     ######## #### ########  ######## ########     ###     ######  ########
     ##        ##  ##     ## ##       ##     ##  ##   ##  ##       ##
     ######    ##  ########  ######   ########  #########  ######  ######
     ##        ##  ##    ##  ##       ##     ## ##     ##       ## ##
     ##       #### ##     ## ######## ########  ##     ##  ######  ########

You're about to initialize a Firebase project in this directory:

  C:\Users\Користувач\Pictures\папка\Роман\sbu.dnipro

[info] 
=== Project Setup
[info] 
[info] First, let's associate this project directory with a Firebase project.
[info] You can create multiple project aliases by running firebase use --add, 
[info] but for now we'll just set up a default project.
[info] 
[debug] [2025-03-22T23:25:56.886Z] Checked if tokens are valid: false, expires at: 1742665548463
[debug] [2025-03-22T23:25:56.886Z] Checked if tokens are valid: false, expires at: 1742665548463
[debug] [2025-03-22T23:25:56.886Z] > refreshing access token with scopes: []
[debug] [2025-03-22T23:25:56.889Z] >>> [apiv2][query] POST https://www.googleapis.com/oauth2/v3/token [none]
[debug] [2025-03-22T23:25:56.889Z] >>> [apiv2][body] POST https://www.googleapis.com/oauth2/v3/token [omitted]
[debug] [2025-03-22T23:25:57.165Z] <<< [apiv2][status] POST https://www.googleapis.com/oauth2/v3/token 200
[debug] [2025-03-22T23:25:57.165Z] <<< [apiv2][body] POST https://www.googleapis.com/oauth2/v3/token [omitted]
[debug] [2025-03-22T23:25:57.180Z] >>> [apiv2][query] GET https://firebase.googleapis.com/v1beta1/projects pageSize=100
[debug] [2025-03-22T23:25:57.705Z] <<< [apiv2][status] GET https://firebase.googleapis.com/v1beta1/projects 200
[debug] [2025-03-22T23:25:57.705Z] <<< [apiv2][body] GET https://firebase.googleapis.com/v1beta1/projects [omitted]
[info] i  Using project sbudnipro-55dbf (sbudnipro) 
[info] 
=== Hosting Setup
[debug] [2025-03-22T23:26:43.483Z] Checked if tokens are valid: true, expires at: 1742689556165
[debug] [2025-03-22T23:26:43.483Z] Checked if tokens are valid: true, expires at: 1742689556165
[debug] [2025-03-22T23:26:43.484Z] >>> [apiv2][query] GET https://firebase.googleapis.com/v1beta1/projects/sbudnipro-55dbf [none]
[debug] [2025-03-22T23:26:43.834Z] <<< [apiv2][status] GET https://firebase.googleapis.com/v1beta1/projects/sbudnipro-55dbf 200
[debug] [2025-03-22T23:26:43.834Z] <<< [apiv2][body] GET https://firebase.googleapis.com/v1beta1/projects/sbudnipro-55dbf {"projectId":"sbudnipro-55dbf","projectNumber":"325102503650","displayName":"sbudnipro","name":"projects/sbudnipro-55dbf","resources":{"hostingSite":"sbudnipro-55dbf"},"state":"ACTIVE","etag":"1_c0846f57-49bf-4f90-a95c-5291eb23464c"}
[info] 
[info] Your public directory is the folder (relative to your project directory) that
[info] will contain Hosting assets to be uploaded with firebase deploy. If you
[info] have a build process for your assets, use your build's output directory.
[info] 
[info] +  Wrote sbu.dnipro/404.html 
[debug] [2025-03-22T23:28:13.962Z] >>> [apiv2][query] GET https://www.gstatic.com/firebasejs/releases.json [none]
[debug] [2025-03-22T23:28:14.103Z] <<< [apiv2][status] GET https://www.gstatic.com/firebasejs/releases.json 200
[debug] [2025-03-22T23:28:14.103Z] <<< [apiv2][body] GET https://www.gstatic.com/firebasejs/releases.json {"current":{"version":"11.5.0","browserURL":"https://www.gstatic.com/firebasejs/11.5.0/firebase.js","packageURL":"https://www.gstatic.com/firebasejs/11.5.0/firebase.tgz"},"live":{"version":"11.5","browserURL":"https://www.gstatic.com/firebasejs/live/11.5/firebase.js","packageURL":"https://www.gstatic.com/firebasejs/live/11.5/firebase.tgz"},"components":{"analytics":"https://www.gstatic.com/firebasejs/11.5.0/firebase-analytics.js","app":"https://www.gstatic.com/firebasejs/11.5.0/firebase-app.js","app-check":"https://www.gstatic.com/firebasejs/11.5.0/firebase-app-check.js","auth":"https://www.gstatic.com/firebasejs/11.5.0/firebase-auth.js","auth/cordova":"https://www.gstatic.com/firebasejs/11.5.0/firebase-auth/cordova.js","auth/web-extension":"https://www.gstatic.com/firebasejs/11.5.0/firebase-auth/web-extension.js","functions":"https://www.gstatic.com/firebasejs/11.5.0/firebase-functions.js","firestore":"https://www.gstatic.com/firebasejs/11.5.0/firebase-firestore.js","firestore/lite":"https://www.gstatic.com/firebasejs/11.5.0/firebase-firestore/lite.js","installations":"https://www.gstatic.com/firebasejs/11.5.0/firebase-installations.js","storage":"https://www.gstatic.com/firebasejs/11.5.0/firebase-storage.js","performance":"https://www.gstatic.com/firebasejs/11.5.0/firebase-performance.js","remote-config":"https://www.gstatic.com/firebasejs/11.5.0/firebase-remote-config.js","messaging":"https://www.gstatic.com/firebasejs/11.5.0/firebase-messaging.js","messaging/sw":"https://www.gstatic.com/firebasejs/11.5.0/firebase-messaging/sw.js","database":"https://www.gstatic.com/firebasejs/11.5.0/firebase-database.js","vertexai":"https://www.gstatic.com/firebasejs/11.5.0/firebase-vertexai.js","data-connect":"https://www.gstatic.com/firebasejs/11.5.0/firebase-data-connect.js","firestore.memory":"https://www.gstatic.com/firebasejs/11.5.0/firebase-firestore.memory.js"}}
[info] +  Wrote sbu.dnipro/index.html 
[info] 
[info] i  Didn't detect a .git folder. Assuming C:\Users\Користувач\Pictures\папка\Роман\sbu.dnipro is the project root. 
[info] i  Authorizing with GitHub to upload your service account to a GitHub repository's secrets store. 
[info] 
[info] Visit this URL on this device to log in:
[info] https://github.com/login/oauth/authorize?client_id=89cf50f02ac6aaed3484&state=993177885&redirect_uri=http%3A%2F%2Flocalhost%3A9005&scope=read%3Auser%20repo%20public_repo
[info] 
[info] Waiting for authentication...
[debug] [2025-03-22T23:28:24.698Z] >>> [apiv2][query] POST https://github.com/login/oauth/access_token [none]
[debug] [2025-03-22T23:28:24.698Z] >>> [apiv2][body] POST https://github.com/login/oauth/access_token [stream]
[debug] [2025-03-22T23:28:25.061Z] <<< [apiv2][status] POST https://github.com/login/oauth/access_token 200
[debug] [2025-03-22T23:28:25.061Z] <<< [apiv2][body] POST https://github.com/login/oauth/access_token {"access_token":"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","token_type":"bearer","scope":"read:user,repo"}
[debug] [2025-03-22T23:28:25.072Z] >>> [apiv2][query] GET https://api.github.com/user [none]
[debug] [2025-03-22T23:28:25.494Z] <<< [apiv2][status] GET https://api.github.com/user 200
[debug] [2025-03-22T23:28:25.494Z] <<< [apiv2][body] GET https://api.github.com/user {"login":"DatsivRoman12334524","id":191382694,"node_id":"U_kgDOC2hEpg","avatar_url":"https://avatars.githubusercontent.com/u/191382694?v=4","gravatar_id":"","url":"https://api.github.com/users/DatsivRoman12334524","html_url":"https://github.com/DatsivRoman12334524","followers_url":"https://api.github.com/users/DatsivRoman12334524/followers","following_url":"https://api.github.com/users/DatsivRoman12334524/following{/other_user}","gists_url":"https://api.github.com/users/DatsivRoman12334524/gists{/gist_id}","starred_url":"https://api.github.com/users/DatsivRoman12334524/starred{/owner}{/repo}","subscriptions_url":"https://api.github.com/users/DatsivRoman12334524/subscriptions","organizations_url":"https://api.github.com/users/DatsivRoman12334524/orgs","repos_url":"https://api.github.com/users/DatsivRoman12334524/repos","events_url":"https://api.github.com/users/DatsivRoman12334524/events{/privacy}","received_events_url":"https://api.github.com/users/DatsivRoman12334524/received_events","type":"User","user_view_type":"private","site_admin":false,"name":"minister.of.defense ","company":null,"blog":"","location":null,"email":null,"hireable":null,"bio":null,"twitter_username":null,"notification_email":null,"public_repos":4,"public_gists":0,"followers":0,"following":1,"created_at":"2024-12-11T15:59:04Z","updated_at":"2025-01-29T14:33:39Z","private_gists":1,"total_private_repos":0,"owned_private_repos":0,"disk_usage":881,"collaborators":0,"two_factor_authentication":false,"plan":{"name":"free","space":976562499,"collaborators":0,"private_repos":10000}}
[info] 
[info] +  Success! Logged into GitHub as DatsivRoman12334524 
[info] 
